2026-01-25T00:57:45.937Z INFO  x.t.p.a.ln.phoenixd.PhoenixdGateway - Creating melt quote: amount=5, description=consistency request=lnbc1consistency
2026-01-25T00:57:45.954Z INFO  x.t.p.a.ln.phoenixd.PhoenixdGateway - Created melt quote: quoteId=24d3f887-c260-4ab6-a44e-cb86ad267654
2026-01-25T00:57:45.954Z INFO  x.t.p.a.ln.phoenixd.PhoenixdGateway - Paying quote: quoteId=24d3f887-c260-4ab6-a44e-cb86ad267654
2026-01-25T00:57:45.959Z INFO  x.t.p.a.ln.phoenixd.PhoenixdGateway - Payment sent: paymentId=pid2
2026-01-25T00:57:45.989Z INFO  x.t.p.a.ln.phoenixd.PhoenixdGateway - Creating melt quote: amount=10, description=errorPayBolt request=lnbc1failinvoice
2026-01-25T00:57:45.991Z INFO  x.t.p.a.ln.phoenixd.PhoenixdGateway - Created melt quote: quoteId=53eeb726-8370-4637-ada9-ac47d1396d5f
2026-01-25T00:57:45.993Z INFO  x.t.p.a.ln.phoenixd.PhoenixdGateway - Paying quote: quoteId=53eeb726-8370-4637-ada9-ac47d1396d5f
2026-01-25T00:57:46.010Z INFO  x.t.p.a.ln.phoenixd.PhoenixdGateway - Creating mint quote: amount=10, description=testCreateMintQuote
2026-01-25T00:57:46.015Z INFO  x.t.p.a.ln.phoenixd.PhoenixdGateway - Created mint quote: quoteId=90b0a7d2-c09f-43d4-b8af-eebcc11b183b
2026-01-25T00:57:46.026Z INFO  x.t.p.a.ln.phoenixd.PhoenixdGateway - Creating melt quote: amount=10, description=nullServiceResp request=lnbc1nullinvoice
2026-01-25T00:57:46.028Z INFO  x.t.p.a.ln.phoenixd.PhoenixdGateway - Created melt quote: quoteId=5e52591a-8e84-4a69-b103-9491662b6a9d
2026-01-25T00:57:46.028Z INFO  x.t.p.a.ln.phoenixd.PhoenixdGateway - Paying quote: quoteId=5e52591a-8e84-4a69-b103-9491662b6a9d
2026-01-25T00:57:46.034Z INFO  x.t.p.a.ln.phoenixd.PhoenixdGateway - Creating melt quote for request eyJsbkFkZHJlc3MiOiAiYm9iQGxuIiwgImFtb3VudCI6IDEwLCAiZGVzY3JpcHRpb24iOiAidGVzdCJ9
2026-01-25T00:57:46.166Z INFO  x.t.p.a.ln.phoenixd.PhoenixdGateway - Creating melt quote: amount=10, description=test request=bob@ln
2026-01-25T00:57:46.169Z INFO  x.t.p.a.ln.phoenixd.PhoenixdGateway - Created melt quote: quoteId=0b718015-9fe4-40a7-acff-6e42a46bc0dc
2026-01-25T00:57:46.169Z INFO  x.t.p.a.ln.phoenixd.PhoenixdGateway - Paying quote: quoteId=0b718015-9fe4-40a7-acff-6e42a46bc0dc
2026-01-25T00:57:46.171Z INFO  x.t.p.a.ln.phoenixd.PhoenixdGateway - Payment sent: paymentId=pid
2026-01-25T00:57:46.176Z INFO  x.t.p.a.ln.phoenixd.PhoenixdGateway - Paying quote: quoteId=stale-or-unknown-quote
2026-01-25T00:57:46.184Z INFO  x.t.p.a.ln.phoenixd.PhoenixdGateway - Creating melt quote: amount=10, description=testPayBoltInvoice request=lnbc1testinvoice
2026-01-25T00:57:46.186Z INFO  x.t.p.a.ln.phoenixd.PhoenixdGateway - Created melt quote: quoteId=1822b644-852b-4adc-a4fe-fcb311741d9d
2026-01-25T00:57:46.186Z INFO  x.t.p.a.ln.phoenixd.PhoenixdGateway - Paying quote: quoteId=1822b644-852b-4adc-a4fe-fcb311741d9d
2026-01-25T00:57:46.187Z INFO  x.t.p.a.ln.phoenixd.PhoenixdGateway - Payment sent: paymentId=pid
2026-01-25T00:57:46.192Z INFO  x.t.p.a.ln.phoenixd.PhoenixdGateway - Creating melt quote for request eyJsbkFkZHJlc3MiOiAiYm9iQGxuIiwgImFtb3VudCI6IDEwLCAiZGVzY3JpcHRpb24iOiAidGVzdCJ9
2026-01-25T00:57:46.193Z INFO  x.t.p.a.ln.phoenixd.PhoenixdGateway - Creating melt quote: amount=10, description=test request=bob@ln
2026-01-25T00:57:46.195Z INFO  x.t.p.a.ln.phoenixd.PhoenixdGateway - Created melt quote: quoteId=ae5e9368-11b6-45a5-9ea2-7abcc8f56f77
2026-01-25T00:57:46.196Z INFO  x.t.p.a.ln.phoenixd.PhoenixdGateway - Paying quote: quoteId=ae5e9368-11b6-45a5-9ea2-7abcc8f56f77
